TN:
SF:/home/pedrolocal/Desktop/Projects/ForumProject/forum-app/src/App.js
FN:7,(anonymous_0)
FNF:1
FNH:1
FNDA:1,(anonymous_0)
DA:8,1
LF:1
LH:1
BRF:0
BRH:0
end_of_record
TN:
SF:/home/pedrolocal/Desktop/Projects/ForumProject/forum-app/src/components/QuestionDetail/AnswerList/AnswerItem.js
FN:6,(anonymous_0)
FNF:1
FNH:1
FNDA:4,(anonymous_0)
DA:6,5
DA:9,4
DA:25,5
LF:3
LH:3
BRF:0
BRH:0
end_of_record
TN:
SF:/home/pedrolocal/Desktop/Projects/ForumProject/forum-app/src/components/QuestionDetail/AnswerList/AnswerList.js
FN:5,(anonymous_0)
FN:6,(anonymous_1)
FNF:2
FNH:2
FNDA:2,(anonymous_0)
FNDA:1,(anonymous_1)
DA:5,4
DA:6,2
DA:7,1
DA:13,2
DA:20,4
DA:24,4
LF:6
LH:6
BRF:0
BRH:0
end_of_record
TN:
SF:/home/pedrolocal/Desktop/Projects/ForumProject/forum-app/src/components/QuestionDetail/AnswerList/fn.js
FN:4,(anonymous_0)
FNF:1
FNH:1
FNDA:2,(anonymous_0)
DA:4,6
DA:5,2
LF:2
LH:2
BRF:0
BRH:0
end_of_record
TN:
SF:/home/pedrolocal/Desktop/Projects/ForumProject/forum-app/src/components/QuestionDetail/QuestionBox/QuestionBox.js
FN:6,(anonymous_0)
FNF:1
FNH:1
FNDA:4,(anonymous_0)
DA:6,5
DA:7,4
DA:17,5
LF:3
LH:3
BRF:0
BRH:0
end_of_record
TN:
SF:/home/pedrolocal/Desktop/Projects/ForumProject/forum-app/src/components/QuestionDetail/QuestionBox/QuestionBoxItem.js
FN:5,(anonymous_0)
FNF:1
FNH:1
FNDA:4,(anonymous_0)
DA:5,5
DA:6,4
DA:22,5
LF:3
LH:3
BRF:0
BRH:0
end_of_record
TN:
SF:/home/pedrolocal/Desktop/Projects/ForumProject/forum-app/src/components/QuestionsSummary/QuestionArea.js
FN:7,(anonymous_0)
FN:11,(anonymous_1)
FNF:2
FNH:2
FNDA:5,(anonymous_0)
FNDA:5,(anonymous_1)
DA:7,5
DA:9,5
DA:11,5
DA:24,5
LF:4
LH:4
BRF:0
BRH:0
end_of_record
TN:
SF:/home/pedrolocal/Desktop/Projects/ForumProject/forum-app/src/components/QuestionsSummary/QuestionSummaryItem.js
FN:8,(anonymous_0)
FN:10,(anonymous_1)
FN:18,(anonymous_2)
FN:28,(anonymous_3)
FNF:4
FNH:4
FNDA:3,(anonymous_0)
FNDA:1,(anonymous_1)
FNDA:1,(anonymous_2)
FNDA:3,(anonymous_3)
DA:8,5
DA:10,3
DA:11,3
DA:18,1
DA:28,3
DA:45,5
DA:49,5
LF:7
LH:7
BRF:0
BRH:0
end_of_record
TN:
SF:/home/pedrolocal/Desktop/Projects/ForumProject/forum-app/src/components/QuestionsSummary/QuestionsSummary.js
FN:7,(anonymous_0)
FN:8,(anonymous_1)
FNF:2
FNH:2
FNDA:3,(anonymous_0)
FNDA:1,(anonymous_1)
DA:7,4
DA:8,3
DA:9,1
DA:19,3
DA:31,4
DA:35,4
LF:6
LH:6
BRF:0
BRH:0
end_of_record
TN:
SF:/home/pedrolocal/Desktop/Projects/ForumProject/forum-app/src/components/UI/BackButton/BackButton.js
FN:6,(anonymous_0)
FN:10,(anonymous_1)
FNF:2
FNH:2
FNDA:3,(anonymous_0)
FNDA:1,(anonymous_1)
DA:6,4
DA:7,3
DA:10,1
DA:17,4
LF:4
LH:4
BRF:0
BRH:0
end_of_record
TN:
SF:/home/pedrolocal/Desktop/Projects/ForumProject/forum-app/src/components/UI/Forms/AnswerForm.js
FN:5,(anonymous_0)
FN:10,(anonymous_1)
FN:15,(anonymous_2)
FNF:3
FNH:3
FNDA:4,(anonymous_0)
FNDA:1,(anonymous_1)
FNDA:1,(anonymous_2)
DA:5,4
DA:7,4
DA:10,1
DA:15,1
DA:24,4
LF:5
LH:5
BRF:0
BRH:0
end_of_record
TN:
SF:/home/pedrolocal/Desktop/Projects/ForumProject/forum-app/src/components/UI/Forms/QuestionForm.js
FN:5,(anonymous_0)
FN:10,(anonymous_1)
FN:15,(anonymous_2)
FNF:3
FNH:3
FNDA:9,(anonymous_0)
FNDA:1,(anonymous_1)
FNDA:1,(anonymous_2)
DA:5,6
DA:7,9
DA:10,1
DA:15,1
DA:24,6
LF:5
LH:5
BRF:0
BRH:0
end_of_record
TN:
SF:/home/pedrolocal/Desktop/Projects/ForumProject/forum-app/src/components/UI/LikeButton/LikeButton.js
FN:7,(anonymous_0)
FN:9,(anonymous_1)
FN:9,(anonymous_2)
FN:11,(anonymous_3)
FN:12,(anonymous_4)
FN:23,(anonymous_5)
FNF:6
FNH:6
FNDA:7,(anonymous_0)
FNDA:9,(anonymous_1)
FNDA:3,(anonymous_2)
FNDA:7,(anonymous_3)
FNDA:2,(anonymous_4)
FNDA:1,(anonymous_5)
DA:7,6
DA:9,9
DA:11,7
DA:12,7
DA:13,7
DA:14,6
DA:16,1
DA:20,7
DA:23,1
DA:32,6
DA:36,6
LF:11
LH:11
BRDA:13,0,0,6
BRDA:13,0,1,1
BRDA:13,1,0,7
BRDA:13,1,1,1
BRDA:27,2,0,1
BRDA:27,2,1,6
BRF:6
BRH:6
end_of_record
TN:
SF:/home/pedrolocal/Desktop/Projects/ForumProject/forum-app/src/components/UI/Logo/Logo.js
FN:5,(anonymous_0)
FNF:1
FNH:1
FNDA:4,(anonymous_0)
DA:5,2
DA:7,4
LF:2
LH:2
BRF:0
BRH:0
end_of_record
TN:
SF:/home/pedrolocal/Desktop/Projects/ForumProject/forum-app/src/containers/QuestionDetail.js
FN:17,(anonymous_0)
FN:27,(anonymous_1)
FN:38,(anonymous_2)
FN:49,(anonymous_3)
FN:53,(anonymous_4)
FN:62,(anonymous_5)
FN:66,(anonymous_6)
FN:80,(anonymous_7)
FNF:8
FNH:7
FNDA:12,(anonymous_0)
FNDA:14,(anonymous_1)
FNDA:2,(anonymous_2)
FNDA:1,(anonymous_3)
FNDA:2,(anonymous_4)
FNDA:13,(anonymous_5)
FNDA:30,(anonymous_6)
FNDA:0,(anonymous_7)
DA:18,12
DA:19,12
DA:27,12
DA:28,14
DA:29,14
DA:30,6
DA:31,6
DA:33,2
DA:34,2
DA:38,12
DA:39,2
DA:40,2
DA:41,2
DA:42,1
DA:43,1
DA:45,1
DA:49,12
DA:50,1
DA:53,12
DA:54,2
DA:55,2
DA:56,1
DA:57,1
DA:59,2
DA:62,12
DA:63,13
DA:67,30
DA:68,30
DA:69,30
DA:80,0
DA:94,3
DA:104,3
LF:32
LH:31
BRDA:29,0,0,6
BRDA:29,0,1,2
BRDA:41,1,0,1
BRDA:41,1,1,1
BRDA:55,2,0,1
BRDA:55,2,1,1
BRF:6
BRH:6
end_of_record
TN:
SF:/home/pedrolocal/Desktop/Projects/ForumProject/forum-app/src/containers/Questions.js
FN:13,(anonymous_0)
FN:23,(anonymous_1)
FN:39,(anonymous_2)
FN:55,(anonymous_3)
FN:56,(anonymous_4)
FN:60,(anonymous_5)
FN:64,(anonymous_6)
FN:73,(anonymous_7)
FN:90,(anonymous_8)
FN:94,(anonymous_9)
FN:99,(anonymous_10)
FNF:11
FNH:11
FNDA:13,(anonymous_0)
FNDA:15,(anonymous_1)
FNDA:2,(anonymous_2)
FNDA:1,(anonymous_3)
FNDA:1,(anonymous_4)
FNDA:1,(anonymous_5)
FNDA:2,(anonymous_6)
FNDA:2,(anonymous_7)
FNDA:1,(anonymous_8)
FNDA:14,(anonymous_9)
FNDA:39,(anonymous_10)
DA:11,13
DA:14,13
DA:15,13
DA:23,13
DA:24,15
DA:25,14
DA:26,9
DA:27,9
DA:28,9
DA:31,2
DA:32,2
DA:33,2
DA:39,13
DA:40,2
DA:41,2
DA:42,2
DA:43,1
DA:44,1
DA:45,1
DA:48,1
DA:49,1
DA:55,13
DA:56,1
DA:57,1
DA:60,13
DA:61,1
DA:64,13
DA:65,2
DA:66,2
DA:67,1
DA:68,1
DA:69,1
DA:73,13
DA:74,2
DA:75,1
DA:81,1
DA:83,1
DA:84,1
DA:85,1
DA:87,2
DA:91,1
DA:94,13
DA:95,14
DA:96,14
DA:100,39
DA:101,39
DA:115,3
LF:47
LH:47
BRDA:25,0,0,9
BRDA:25,0,1,2
BRDA:26,1,0,9
BRDA:26,1,1,0
BRDA:31,2,0,2
BRDA:31,2,1,0
BRDA:42,3,0,1
BRDA:42,3,1,1
BRDA:43,4,0,1
BRDA:43,4,1,0
BRDA:48,5,0,1
BRDA:48,5,1,0
BRDA:61,6,0,1
BRDA:61,6,1,1
BRDA:66,7,0,1
BRDA:66,7,1,1
BRDA:69,8,0,1
BRDA:69,8,1,1
BRDA:74,9,0,1
BRDA:74,9,1,1
BRDA:74,10,0,2
BRDA:74,10,1,1
BRF:22
BRH:18
end_of_record
TN:
SF:/home/pedrolocal/Desktop/Projects/ForumProject/forum-app/src/context/AuthContext.js
FNF:0
FNH:0
DA:3,7
LF:1
LH:1
BRF:0
BRH:0
end_of_record
TN:
SF:/home/pedrolocal/Desktop/Projects/ForumProject/forum-app/src/hoc/error/ApiError.js
FN:4,(anonymous_0)
FNF:1
FNH:1
FNDA:4,(anonymous_0)
DA:4,5
DA:5,4
DA:20,5
LF:3
LH:3
BRDA:7,0,0,1
BRDA:7,0,1,3
BRF:2
BRH:2
end_of_record
TN:
SF:/home/pedrolocal/Desktop/Projects/ForumProject/forum-app/src/layout/Layout.js
FN:5,(anonymous_0)
FNF:1
FNH:1
FNDA:1,(anonymous_0)
DA:5,1
DA:6,1
LF:2
LH:2
BRF:0
BRH:0
end_of_record
TN:
SF:/home/pedrolocal/Desktop/Projects/ForumProject/forum-app/src/screen/MainPage.js
FN:8,(anonymous_0)
FN:16,(anonymous_1)
FN:27,(anonymous_2)
FN:39,(anonymous_3)
FN:47,(anonymous_4)
FNF:5
FNH:5
FNDA:6,(anonymous_0)
FNDA:1,(anonymous_1)
FNDA:1,(anonymous_2)
FNDA:6,(anonymous_3)
FNDA:12,(anonymous_4)
DA:9,6
DA:10,6
DA:16,6
DA:17,1
DA:19,1
DA:23,1
DA:27,6
DA:28,1
DA:29,1
DA:31,1
DA:35,1
DA:39,6
DA:40,6
DA:41,6
DA:42,1
DA:43,1
DA:48,12
DA:49,12
LF:18
LH:18
BRDA:41,0,0,1
BRDA:41,0,1,5
BRDA:51,1,0,3
BRDA:51,1,1,9
BRF:4
BRH:4
end_of_record
TN:
SF:/home/pedrolocal/Desktop/Projects/ForumProject/forum-app/src/services/Answer.js
FN:4,(anonymous_0)
FN:21,(anonymous_1)
FNF:2
FNH:2
FNDA:4,(anonymous_0)
FNDA:3,(anonymous_1)
DA:4,4
DA:5,4
DA:6,4
DA:7,3
DA:8,1
DA:10,2
DA:11,1
DA:14,1
DA:17,1
DA:21,4
DA:22,3
DA:23,3
DA:24,2
DA:25,1
DA:28,1
DA:31,1
LF:16
LH:16
BRDA:7,0,0,1
BRDA:7,0,1,2
BRDA:10,1,0,1
BRDA:10,1,1,1
BRDA:24,2,0,1
BRDA:24,2,1,1
BRF:6
BRH:6
end_of_record
TN:
SF:/home/pedrolocal/Desktop/Projects/ForumProject/forum-app/src/services/Like.js
FN:4,(anonymous_0)
FN:18,(anonymous_1)
FNF:2
FNH:2
FNDA:3,(anonymous_0)
FNDA:3,(anonymous_1)
DA:4,4
DA:5,3
DA:6,3
DA:7,2
DA:8,1
DA:11,1
DA:14,1
DA:18,4
DA:19,3
DA:20,3
DA:21,2
DA:22,1
DA:25,1
DA:28,1
LF:14
LH:14
BRDA:7,0,0,1
BRDA:7,0,1,1
BRDA:21,1,0,1
BRDA:21,1,1,1
BRF:4
BRH:4
end_of_record
TN:
SF:/home/pedrolocal/Desktop/Projects/ForumProject/forum-app/src/services/Question.js
FN:4,(anonymous_0)
FN:21,(anonymous_1)
FNF:2
FNH:2
FNDA:5,(anonymous_0)
FNDA:3,(anonymous_1)
DA:4,4
DA:5,5
DA:6,5
DA:7,3
DA:8,1
DA:10,2
DA:11,1
DA:14,1
DA:17,1
DA:21,4
DA:22,3
DA:23,3
DA:24,2
DA:25,1
DA:28,1
DA:31,1
LF:16
LH:16
BRDA:7,0,0,1
BRDA:7,0,1,2
BRDA:10,1,0,1
BRDA:10,1,1,1
BRDA:24,2,0,1
BRDA:24,2,1,1
BRF:6
BRH:6
end_of_record
TN:
SF:/home/pedrolocal/Desktop/Projects/ForumProject/forum-app/src/services/config.js
FNF:0
FNH:0
LF:0
LH:0
BRF:0
BRH:0
end_of_record
